{
  "stats": {
    "suites": 1,
    "tests": 1,
    "passes": 1,
    "pending": 0,
    "failures": 0,
    "start": "2021-11-08T12:12:48.588Z",
    "end": "2021-11-08T12:12:49.582Z",
    "duration": 994,
    "testsRegistered": 1,
    "passPercent": 100,
    "pendingPercent": 0,
    "other": 0,
    "hasOther": false,
    "skipped": 0,
    "hasSkipped": false
  },
  "results": [
    {
      "uuid": "a177a2f4-47c5-474a-a8a2-bc0ff2901a7a",
      "title": "",
      "fullFile": "cypress/integration/login_test_correct_credentials.js",
      "file": "cypress/integration/login_test_correct_credentials.js",
      "beforeHooks": [],
      "afterHooks": [],
      "tests": [],
      "suites": [
        {
          "uuid": "d6e17971-84e5-4ee0-9da4-ad60bfee9dfd",
          "title": "Check login with correct username and password",
          "fullFile": "",
          "file": "",
          "beforeHooks": [],
          "afterHooks": [],
          "tests": [
            {
              "title": "Try login",
              "fullTitle": "Check login with correct username and password Try login",
              "timedOut": null,
              "duration": 967,
              "state": "passed",
              "speed": "fast",
              "pass": true,
              "fail": false,
              "pending": false,
              "context": null,
              "code": "cy.visit(\"/login\"); // Type admin as username\ncy.get(\"[type='text']\").type(\"admin\"); // Type admin as password\ncy.get(\"[type='password']\").type(\"admin\"); // Click LOG IN\ncy.contains('LOG IN').click({\n  force: true\n}).then(() => {\n  // Check if router app redirected to dashboard page\n  cy.url().should('include', '/dashboard');\n});",
              "err": {},
              "uuid": "d2c475d2-8f5f-41e5-89e7-18e77e384e48",
              "parentUUID": "d6e17971-84e5-4ee0-9da4-ad60bfee9dfd",
              "isHook": false,
              "skipped": false
            }
          ],
          "suites": [],
          "passes": [
            "d2c475d2-8f5f-41e5-89e7-18e77e384e48"
          ],
          "failures": [],
          "pending": [],
          "skipped": [],
          "duration": 967,
          "root": false,
          "rootEmpty": false,
          "_timeout": 2000
        }
      ],
      "passes": [],
      "failures": [],
      "pending": [],
      "skipped": [],
      "duration": 0,
      "root": true,
      "rootEmpty": true,
      "_timeout": 2000
    }
  ],
  "meta": {
    "mocha": {
      "version": "7.0.1"
    },
    "mochawesome": {
      "options": {
        "quiet": false,
        "reportFilename": "mochawesome",
        "saveHtml": false,
        "saveJson": true,
        "consoleReporter": "spec",
        "useInlineDiffs": false,
        "code": true
      },
      "version": "7.0.1"
    },
    "marge": {
      "options": {
        "charts": true,
        "overwrite": false,
        "html": false,
        "json": true,
        "reportDir": "cypress/report/mochawesome-report"
      },
      "version": "6.0.1"
    }
  }
}