{
  "stats": {
    "suites": 1,
    "tests": 1,
    "passes": 1,
    "pending": 0,
    "failures": 0,
    "start": "2021-11-08T12:12:52.712Z",
    "end": "2021-11-08T12:12:53.672Z",
    "duration": 960,
    "testsRegistered": 1,
    "passPercent": 100,
    "pendingPercent": 0,
    "other": 0,
    "hasOther": false,
    "skipped": 0,
    "hasSkipped": false
  },
  "results": [
    {
      "uuid": "72d23dc3-0d00-42a1-9dd8-9fc1268cf139",
      "title": "",
      "fullFile": "cypress/integration/login_test_incorrect_credentials.js",
      "file": "cypress/integration/login_test_incorrect_credentials.js",
      "beforeHooks": [],
      "afterHooks": [],
      "tests": [],
      "suites": [
        {
          "uuid": "6f2ebe4e-2c20-42fd-9bc7-03de197fa5a8",
          "title": "Check login with incorrect username and password",
          "fullFile": "",
          "file": "",
          "beforeHooks": [],
          "afterHooks": [],
          "tests": [
            {
              "title": "Try login",
              "fullTitle": "Check login with incorrect username and password Try login",
              "timedOut": null,
              "duration": 934,
              "state": "passed",
              "speed": "fast",
              "pass": true,
              "fail": false,
              "pending": false,
              "context": null,
              "code": "cy.visit(\"/login\"); // Type admin as username\ncy.get(\"[type='text']\").type(\"lololol\"); // Type admin as password\ncy.get(\"[type='password']\").type(\"lololol\"); // Click LOG IN\ncy.contains('LOG IN').click({\n  force: true\n}).then(() => {\n  // Check if router app redirected to dashboard page\n  cy.url().should('include', '/login');\n  cy.contains(\"Invalid username/password. Please try again.\").should('be.visible');\n});",
              "err": {},
              "uuid": "556f05c3-01da-4e04-9735-29a4ba729f55",
              "parentUUID": "6f2ebe4e-2c20-42fd-9bc7-03de197fa5a8",
              "isHook": false,
              "skipped": false
            }
          ],
          "suites": [],
          "passes": [
            "556f05c3-01da-4e04-9735-29a4ba729f55"
          ],
          "failures": [],
          "pending": [],
          "skipped": [],
          "duration": 934,
          "root": false,
          "rootEmpty": false,
          "_timeout": 2000
        }
      ],
      "passes": [],
      "failures": [],
      "pending": [],
      "skipped": [],
      "duration": 0,
      "root": true,
      "rootEmpty": true,
      "_timeout": 2000
    }
  ],
  "meta": {
    "mocha": {
      "version": "7.0.1"
    },
    "mochawesome": {
      "options": {
        "quiet": false,
        "reportFilename": "mochawesome",
        "saveHtml": false,
        "saveJson": true,
        "consoleReporter": "spec",
        "useInlineDiffs": false,
        "code": true
      },
      "version": "7.0.1"
    },
    "marge": {
      "options": {
        "charts": true,
        "overwrite": false,
        "html": false,
        "json": true,
        "reportDir": "cypress/report/mochawesome-report"
      },
      "version": "6.0.1"
    }
  }
}