{
  "stats": {
    "suites": 1,
    "tests": 1,
    "passes": 1,
    "pending": 0,
    "failures": 0,
    "start": "2021-11-08T12:12:45.167Z",
    "end": "2021-11-08T12:12:45.575Z",
    "duration": 408,
    "testsRegistered": 1,
    "passPercent": 100,
    "pendingPercent": 0,
    "other": 0,
    "hasOther": false,
    "skipped": 0,
    "hasSkipped": false
  },
  "results": [
    {
      "uuid": "80dca208-c78a-4ac1-a8cb-aefb0149281e",
      "title": "",
      "fullFile": "cypress/integration/login_test_components.js",
      "file": "cypress/integration/login_test_components.js",
      "beforeHooks": [],
      "afterHooks": [],
      "tests": [],
      "suites": [
        {
          "uuid": "fb48fb1d-02bd-459c-9247-7e25b8d88f61",
          "title": "Visit the app login page and make sure is contains all the needed components",
          "fullFile": "",
          "file": "",
          "beforeHooks": [],
          "afterHooks": [],
          "tests": [
            {
              "title": "Check login page content",
              "fullTitle": "Visit the app login page and make sure is contains all the needed components Check login page content",
              "timedOut": null,
              "duration": 365,
              "state": "passed",
              "speed": "fast",
              "pass": true,
              "fail": false,
              "pending": false,
              "context": null,
              "code": "// Go to login Page\ncy.visit(\"/login\"); // Check it contains username, password, login button and forgot password\ncy.get(\"[type='text']\").should('be.visible');\ncy.get(\"[type='password']\").should('be.visible');\ncy.get(\"button\").contains(\"LOG IN\").should('be.visible');\ncy.contains(\"Forgot Password?\").should('be.visible'); // Check if url includes login path\ncy.url().should('include', '/login');",
              "err": {},
              "uuid": "5538ebd3-e672-43c3-b6be-fdc5c6e6b0bd",
              "parentUUID": "fb48fb1d-02bd-459c-9247-7e25b8d88f61",
              "isHook": false,
              "skipped": false
            }
          ],
          "suites": [],
          "passes": [
            "5538ebd3-e672-43c3-b6be-fdc5c6e6b0bd"
          ],
          "failures": [],
          "pending": [],
          "skipped": [],
          "duration": 365,
          "root": false,
          "rootEmpty": false,
          "_timeout": 2000
        }
      ],
      "passes": [],
      "failures": [],
      "pending": [],
      "skipped": [],
      "duration": 0,
      "root": true,
      "rootEmpty": true,
      "_timeout": 2000
    }
  ],
  "meta": {
    "mocha": {
      "version": "7.0.1"
    },
    "mochawesome": {
      "options": {
        "quiet": false,
        "reportFilename": "mochawesome",
        "saveHtml": false,
        "saveJson": true,
        "consoleReporter": "spec",
        "useInlineDiffs": false,
        "code": true
      },
      "version": "7.0.1"
    },
    "marge": {
      "options": {
        "charts": true,
        "overwrite": false,
        "html": false,
        "json": true,
        "reportDir": "cypress/report/mochawesome-report"
      },
      "version": "6.0.1"
    }
  }
}